\BOOKMARK [0][-]{chapter*.1}{\376\377\000B\036\243\000n\000g\000\040\000k\000\375\000\040\000h\000i\036\307\000u\000\040\000v\000\340\000\040\000c\000h\036\357\000\040\000v\000i\036\277\000t\000\040\000t\036\257\000t}{}% 1
\BOOKMARK [0][-]{chapter*.2}{\376\377\000D\000a\000n\000h\000\040\000s\000\341\000c\000h\000\040\000b\036\243\000n\000g}{}% 2
\BOOKMARK [0][-]{chapter*.3}{\376\377\000D\000a\000n\000h\000\040\000s\000\341\000c\000h\000\040\000h\000\354\000n\000h}{}% 3
\BOOKMARK [0][-]{chapter*.5}{\376\377\000G\000i\036\333\000i\000\040\000t\000h\000i\036\307\000u}{}% 4
\BOOKMARK [0][-]{chapter.1}{\376\377\000C\001\240\000\040\000S\036\336\000\040\000L\000\335\000\040\000T\000H\000U\000Y\036\276\000T}{}% 5
\BOOKMARK [1][-]{section.1.1}{\376\377\000C\000\341\000c\000\040\000p\000h\001\260\001\241\000n\000g\000\040\000p\000h\000\341\000p\000\040\000v\000e\000c\000t\000o\000r\000i\000z\000e\000\040\000d\036\357\000\040\000l\000i\036\307\000u}{chapter.1}% 6
\BOOKMARK [2][-]{subsection.1.1.1}{\376\377\000O\000n\000e\000\040\000H\000o\000t}{section.1.1}% 7
\BOOKMARK [2][-]{subsection.1.1.2}{\376\377\000T\000F\000\040\000I\000D\000F}{section.1.1}% 8
\BOOKMARK [2][-]{subsection.1.1.3}{\376\377\000P\000h\000o\000B\000e\000r\000t}{section.1.1}% 9
\BOOKMARK [2][-]{subsection.1.1.4}{\376\377\000M\036\331\000t\000\040\000s\036\321\000\040\000p\000h\001\260\001\241\000n\000g\000\040\000p\000h\000\341\000p\000\040\000k\000h\000\341\000c}{section.1.1}% 10
\BOOKMARK [1][-]{section.1.2}{\376\377\000C\000\341\000c\000\040\000m\000\364\000\040\000h\000\354\000n\000h\000\040\000h\036\315\000c\000\040\000m\000\341\000y}{chapter.1}% 11
\BOOKMARK [2][-]{subsection.1.2.1}{\376\377\000L\000o\000g\000i\000s\000t\000i\000c\000\040\000R\000e\000g\000r\000e\000s\000s\000i\000o\000n}{section.1.2}% 12
\BOOKMARK [2][-]{subsection.1.2.2}{\376\377\000S\000u\000p\000p\000o\000r\000t\000\040\000V\000e\000c\000t\000o\000r\000\040\000M\000a\000c\000h\000i\000n\000e}{section.1.2}% 13
\BOOKMARK [2][-]{subsection.1.2.3}{\376\377\000N\000a\000i\000v\000e\000\040\000B\000a\000y\000e\000s}{section.1.2}% 14
\BOOKMARK [0][-]{chapter.2}{\376\377\000T\000H\000U\000\040\000T\000H\036\254\000P\000\040\000V\000\300\000\040\000K\000H\000\301\000M\000\040\000P\000H\000\301\000\040\000D\036\356\000\040\000L\000I\036\306\000U}{}% 15
\BOOKMARK [1][-]{section.2.1}{\376\377\000T\000h\000u\000\040\000t\000h\036\255\000p\000\040\000d\036\357\000\040\000l\000i\036\307\000u}{chapter.2}% 16
\BOOKMARK [1][-]{section.2.2}{\376\377\000K\000h\000\341\000m\000\040\000p\000h\000\341\000\040\000b\036\331\000\040\000d\036\357\000\040\000l\000i\036\307\000u}{chapter.2}% 17
\BOOKMARK [0][-]{chapter.3}{\376\377\000X\000\302\000Y\000\040\000D\036\360\000N\000G\000\040\000M\000\324\000\040\000H\000\314\000N\000H\000\040\000P\000H\000\302\000N\000\040\000T\000\315\000C\000H}{}% 18
\BOOKMARK [1][-]{section.3.1}{\376\377\000M\000o\000d\000u\000l\000e\000\040\000L\000o\000a\000d\000e\000r}{chapter.3}% 19
\BOOKMARK [1][-]{section.3.2}{\376\377\000M\000o\000d\000u\000l\000e\000\040\000P\000r\000e\000p\000r\000o\000c\000e\000s\000s\000o\000r}{chapter.3}% 20
\BOOKMARK [1][-]{section.3.3}{\376\377\000M\000o\000d\000u\000l\000e\000\040\000f\000e\000a\000t\000u\000r\000e}{chapter.3}% 21
\BOOKMARK [1][-]{section.3.4}{\376\377\000T\036\321\000i\000\040\001\260\000u\000\040\000t\000h\000a\000m\000\040\000s\036\321}{chapter.3}% 22
\BOOKMARK [2][-]{subsection.3.4.1}{\376\377\000L\000o\000g\000i\000s\000t\000i\000c\000\040\000R\000e\000g\000r\000e\000s\000s\000i\000o\000n}{section.3.4}% 23
\BOOKMARK [2][-]{subsection.3.4.2}{\376\377\000S\000u\000p\000p\000o\000r\000t\000\040\000V\000e\000c\000t\000o\000r\000\040\000M\000a\000c\000h\000i\000n\000e}{section.3.4}% 24
\BOOKMARK [2][-]{subsection.3.4.3}{\376\377\000N\000a\000i\000v\000e\000\040\000B\000a\000y\000e\000s}{section.3.4}% 25
\BOOKMARK [1][-]{section.3.5}{\376\377\000H\000u\036\245\000n\000\040\000l\000u\000y\036\307\000n\000\040\000m\000\364\000\040\000h\000\354\000n\000h}{chapter.3}% 26
\BOOKMARK [2][-]{subsection.3.5.1}{\376\377\000L\000o\000g\000i\000s\000t\000i\000c\000\040\000R\000e\000g\000r\000e\000s\000s\000i\000o\000n}{section.3.5}% 27
\BOOKMARK [2][-]{subsection.3.5.2}{\376\377\000S\000u\000p\000p\000o\000r\000t\000\040\000V\000e\000c\000t\000o\000r\000\040\000M\000a\000c\000h\000i\000n\000e}{section.3.5}% 28
\BOOKMARK [2][-]{subsection.3.5.3}{\376\377\000N\000a\000i\000v\000e\000\040\000B\000a\000y\000e\000s}{section.3.5}% 29
\BOOKMARK [0][-]{chapter.4}{\376\377\000K\036\276\000T\000\040\000Q\000U\036\242\000\040\000T\000H\036\360\000C\000\040\000N\000G\000H\000I\036\306\000M}{}% 30
\BOOKMARK [1][-]{section.4.1}{\376\377\001\020\000\341\000n\000h\000\040\000g\000i\000\341\000\040\000m\000\364\000\040\000h\000\354\000n\000h}{chapter.4}% 31
\BOOKMARK [1][-]{section.4.2}{\376\377\000S\000o\000\040\000s\000\341\000n\000h\000\040\000m\000\364\000\040\000h\000\354\000n\000h}{chapter.4}% 32
\BOOKMARK [1][-]{section.4.3}{\376\377\036\350\000n\000g\000\040\000d\036\345\000n\000g\000\040\000t\000h\036\361\000c\000\040\000t\036\277}{chapter.4}% 33
