[2025-12-09 12:24:23] [INFO] Khởi tạo DataProcessor
[2025-12-09 12:24:23] [INFO] Thực hiện gộp nhãn
[2025-12-09 12:24:23] [INFO] Tạo dictionary mã hóa nhãn
[2025-12-09 12:24:23] [INFO] Hoàn tất mã hóa nhãn
[2025-12-09 12:24:23] [INFO] Bắt đầu tiền xử lý dữ liệu
[2025-12-09 12:24:24] [INFO] Tiền xử lý hoàn tất.
[2025-12-09 12:39:51] [INFO] Khởi tạo DataProcessor
[2025-12-09 12:39:51] [INFO] Thực hiện gộp nhãn
[2025-12-09 12:39:51] [INFO] Tạo dictionary mã hóa nhãn
[2025-12-09 12:39:51] [INFO] Hoàn tất mã hóa nhãn
[2025-12-09 12:39:51] [INFO] Bắt đầu tiền xử lý dữ liệu
[2025-12-09 12:39:53] [INFO] Tiền xử lý hoàn tất.
[2025-12-09 12:50:41] [INFO] Khởi tạo DataProcessor
[2025-12-09 12:50:41] [INFO] Thực hiện gộp nhãn
[2025-12-09 12:50:41] [INFO] Tạo dictionary mã hóa nhãn
[2025-12-09 12:50:41] [INFO] Hoàn tất mã hóa nhãn
[2025-12-09 12:50:41] [INFO] Bắt đầu tiền xử lý dữ liệu
[2025-12-09 12:50:42] [INFO] Tiền xử lý hoàn tất.
[2025-12-09 12:54:20] [INFO] Khởi tạo DataProcessor
[2025-12-09 12:54:20] [INFO] Thực hiện gộp nhãn
[2025-12-09 12:54:20] [INFO] Tạo dictionary mã hóa nhãn
[2025-12-09 12:54:20] [INFO] Hoàn tất mã hóa nhãn
[2025-12-09 12:54:20] [INFO] Bắt đầu tiền xử lý dữ liệu
[2025-12-09 12:54:21] [INFO] Tiền xử lý hoàn tất.
[2025-12-09 12:57:23] [INFO] Khởi tạo DataProcessor
[2025-12-09 12:57:23] [INFO] Thực hiện gộp nhãn
[2025-12-09 12:57:23] [INFO] Tạo dictionary mã hóa nhãn
[2025-12-09 12:57:23] [INFO] Hoàn tất mã hóa nhãn
[2025-12-09 12:57:23] [INFO] Bắt đầu tiền xử lý dữ liệu
[2025-12-09 12:57:24] [INFO] Tiền xử lý hoàn tất.
