[2025-12-09 12:24:24] [INFO] Khởi tạo DataFeature
[2025-12-09 12:24:24] [INFO] Bắt đầu tính token_count và vocab
[2025-12-09 12:24:24] [INFO] Hoàn thành thống kê: Tổng token = 37250, Vocab size = 6393
[2025-12-09 12:39:53] [INFO] Khởi tạo DataFeature
[2025-12-09 12:39:53] [INFO] Bắt đầu tính token_count và vocab
[2025-12-09 12:39:53] [INFO] Hoàn thành thống kê: Tổng token = 37250, Vocab size = 6393
[2025-12-09 12:50:42] [INFO] Khởi tạo DataFeature
[2025-12-09 12:50:42] [INFO] Bắt đầu tính token_count và vocab
[2025-12-09 12:50:42] [INFO] Hoàn thành thống kê: Tổng token = 37250, Vocab size = 6393
[2025-12-09 12:54:21] [INFO] Khởi tạo DataFeature
[2025-12-09 12:54:21] [INFO] Bắt đầu tính token_count và vocab
[2025-12-09 12:54:21] [INFO] Hoàn thành thống kê: Tổng token = 37250, Vocab size = 6393
[2025-12-09 12:57:24] [INFO] Khởi tạo DataFeature
[2025-12-09 12:57:24] [INFO] Bắt đầu tính token_count và vocab
[2025-12-09 12:57:24] [INFO] Hoàn thành thống kê: Tổng token = 37250, Vocab size = 6393
[2025-12-09 13:19:46] [INFO] Khởi tạo DataFeature
[2025-12-09 13:19:46] [INFO] Bắt đầu tính token_count và vocab
[2025-12-09 13:19:46] [INFO] Hoàn thành thống kê: Tổng token = 37250, Vocab size = 6393
[2025-12-09 13:22:42] [INFO] Khởi tạo DataFeature
[2025-12-09 13:22:42] [INFO] Bắt đầu tính token_count và vocab
[2025-12-09 13:22:42] [INFO] Hoàn thành thống kê: Tổng token = 37250, Vocab size = 6393
[2025-12-09 13:29:11] [INFO] Khởi tạo DataFeature
[2025-12-09 13:29:11] [INFO] Bắt đầu tính token_count và vocab
[2025-12-09 13:29:11] [INFO] Hoàn thành thống kê: Tổng token = 37250, Vocab size = 6393
[2025-12-09 13:46:13] [INFO] Khởi tạo DataFeature
[2025-12-09 13:46:13] [INFO] Bắt đầu tính token_count và vocab
[2025-12-09 13:46:13] [INFO] Hoàn thành thống kê: Tổng token = 37250, Vocab size = 6393
[2025-12-09 14:01:07] [INFO] Khởi tạo DataFeature
[2025-12-09 14:01:07] [INFO] Bắt đầu tính token_count và vocab
[2025-12-09 14:01:07] [INFO] Hoàn thành thống kê: Tổng token = 37250, Vocab size = 6393
<<<<<<< HEAD
[2025-12-09 14:53:50] [INFO] Khởi tạo DataFeature
[2025-12-09 14:53:50] [INFO] Bắt đầu tính token_count và vocab
[2025-12-09 14:53:50] [INFO] Hoàn thành thống kê: Tổng token = 37250, Vocab size = 6393
=======
[2025-12-09 07:19:21] [INFO] Khởi tạo DataFeature
[2025-12-09 07:19:21] [INFO] Bắt đầu tính token_count và vocab
[2025-12-09 07:19:21] [INFO] Hoàn thành thống kê: Tổng token = 37250, Vocab size = 6393
[2025-12-09 07:32:25] [INFO] Khởi tạo DataFeature
[2025-12-09 07:32:25] [INFO] Bắt đầu tính token_count và vocab
[2025-12-09 07:32:25] [INFO] Hoàn thành thống kê: Tổng token = 37250, Vocab size = 6393
[2025-12-09 07:46:33] [INFO] Khởi tạo DataFeature
[2025-12-09 07:46:33] [INFO] Bắt đầu tính token_count và vocab
[2025-12-09 07:46:33] [INFO] Hoàn thành thống kê: Tổng token = 37250, Vocab size = 6393
[2025-12-09 07:47:40] [INFO] Khởi tạo DataFeature
[2025-12-09 07:47:40] [INFO] Bắt đầu tính token_count và vocab
[2025-12-09 07:47:40] [INFO] Hoàn thành thống kê: Tổng token = 37250, Vocab size = 6393
[2025-12-09 07:50:58] [INFO] Khởi tạo DataFeature
[2025-12-09 07:50:58] [INFO] Bắt đầu tính token_count và vocab
[2025-12-09 07:50:58] [INFO] Hoàn thành thống kê: Tổng token = 37250, Vocab size = 6393
>>>>>>> 8a9f5eb67bb6154d603e7ea54e254af15de8692e
[2025-12-09 15:09:35] [INFO] Khởi tạo DataFeature
[2025-12-09 15:09:35] [INFO] Bắt đầu tính token_count và vocab
[2025-12-09 15:09:35] [INFO] Hoàn thành thống kê: Tổng token = 37250, Vocab size = 6393
[2025-12-09 16:38:50] [INFO] Khởi tạo DataFeature
[2025-12-09 16:38:50] [INFO] Bắt đầu tính token_count và vocab
[2025-12-09 16:38:50] [INFO] Hoàn thành thống kê: Tổng token = 37250, Vocab size = 6393
[2025-12-09 16:43:55] [INFO] Khởi tạo DataFeature
[2025-12-09 16:43:55] [INFO] Bắt đầu tính token_count và vocab
[2025-12-09 16:43:55] [INFO] Hoàn thành thống kê: Tổng token = 37250, Vocab size = 6393
[2025-12-09 22:37:24] [INFO] Khởi tạo DataFeature
[2025-12-09 22:37:24] [INFO] Bắt đầu tính token_count và vocab
[2025-12-09 22:37:24] [INFO] Hoàn thành thống kê: Tổng token = 37250, Vocab size = 6393
[2025-12-09 22:38:23] [INFO] Khởi tạo DataFeature
[2025-12-09 22:38:23] [INFO] Bắt đầu tính token_count và vocab
[2025-12-09 22:38:23] [INFO] Hoàn thành thống kê: Tổng token = 37250, Vocab size = 6393
