[2025-12-10 01:09:08] [INFO] Khởi tạo LogisticOptimizer
[2025-12-10 01:09:08] [INFO] Bắt đầu tối ưu tham số Logistic Regression với 5-fold CV
[2025-12-10 01:09:43] [INFO] Khởi tạo LogisticOptimizer
[2025-12-10 01:09:43] [INFO] Bắt đầu tối ưu tham số Logistic Regression với 5-fold CV
[2025-12-10 01:09:46] [INFO] Tối ưu xong. Best params: {'C': 10, 'solver': 'liblinear'}, Best score: 0.5466
[2025-12-10 01:09:46] [INFO] Logistic Regression  tham số tối ưu
[2025-12-10 01:09:46] [INFO] train LogisticRegressionModel xong
[2025-12-10 19:57:33] [INFO] Khởi tạo LogisticOptimizer
[2025-12-10 19:57:33] [INFO] Bắt đầu tối ưu tham số Logistic Regression với 5-fold CV
[2025-12-10 19:57:36] [INFO] Tối ưu xong. Best params: {'C': 10, 'solver': 'liblinear'}, Best score: 0.5466
[2025-12-10 19:57:36] [INFO] Logistic Regression  tham số tối ưu
[2025-12-10 19:57:36] [INFO] train LogisticRegressionModel xong
[2025-12-10 20:00:36] [INFO] Khởi tạo LogisticOptimizer
[2025-12-10 20:00:36] [INFO] Bắt đầu tối ưu tham số Logistic Regression với 5-fold CV
[2025-12-10 20:00:38] [INFO] Tối ưu xong. Best params: {'C': 10, 'solver': 'liblinear'}, Best score: 0.5466
[2025-12-10 20:00:38] [INFO] Logistic Regression  tham số tối ưu
[2025-12-10 20:00:38] [INFO] train LogisticRegressionModel xong
[2025-12-10 20:08:40] [INFO] Khởi tạo LogisticOptimizer
[2025-12-10 20:08:40] [INFO] Bắt đầu tối ưu tham số Logistic Regression với 5-fold CV
[2025-12-10 20:08:43] [INFO] Tối ưu xong. Best params: {'C': 10, 'solver': 'liblinear'}, Best score: 0.5466
[2025-12-10 20:08:43] [INFO] Logistic Regression  tham số tối ưu
[2025-12-10 20:08:43] [INFO] train LogisticRegressionModel xong
[2025-12-10 20:09:15] [INFO] Khởi tạo LogisticOptimizer
[2025-12-10 20:09:15] [INFO] Bắt đầu tối ưu tham số Logistic Regression với 5-fold CV
[2025-12-10 20:09:17] [INFO] Tối ưu xong. Best params: {'C': 10, 'solver': 'liblinear'}, Best score: 0.5466
[2025-12-10 20:09:17] [INFO] Logistic Regression  tham số tối ưu
[2025-12-10 20:09:17] [INFO] train LogisticRegressionModel xong
[2025-12-10 20:19:14] [INFO] Khởi tạo LogisticOptimizer
[2025-12-10 20:19:14] [INFO] Bắt đầu tối ưu tham số Logistic Regression với 5-fold CV
[2025-12-10 20:19:17] [INFO] Tối ưu xong. Best params: {'C': 10, 'solver': 'liblinear'}, Best score: 0.5466
[2025-12-10 20:19:17] [INFO] Logistic Regression  tham số tối ưu
[2025-12-10 20:19:17] [INFO] train LogisticRegressionModel xong
[2025-12-10 20:34:30] [INFO] Khởi tạo LogisticOptimizer
[2025-12-10 20:34:30] [INFO] Bắt đầu tối ưu tham số Logistic Regression với 5-fold CV
[2025-12-10 20:34:33] [INFO] Tối ưu xong. Best params: {'C': 10, 'solver': 'liblinear'}, Best score: 0.5466
[2025-12-10 20:34:33] [INFO] Logistic Regression  tham số tối ưu
[2025-12-10 20:34:33] [INFO] train LogisticRegressionModel xong
[2025-12-10 21:17:13] [INFO] Khởi tạo LogisticOptimizer
[2025-12-10 21:17:13] [INFO] Bắt đầu tối ưu tham số Logistic Regression với 5-fold CV
[2025-12-10 21:17:16] [INFO] Tối ưu xong. Best params: {'C': 10, 'solver': 'liblinear'}, Best score: 0.5466
[2025-12-10 21:17:16] [INFO] Logistic Regression  tham số tối ưu
[2025-12-10 21:17:16] [INFO] train LogisticRegressionModel xong
