[2025-12-09 06:44:48] [INFO] Khởi tạo NaiveVisualization, thư mục lưu hình: images
[2025-12-09 06:44:48] [INFO] Bắt đầu trực quan hóa mô hình Naive Bayes
[2025-12-09 06:45:29] [INFO] Khởi tạo NaiveVisualization, thư mục lưu hình: images
[2025-12-09 06:45:29] [INFO] Bắt đầu trực quan hóa mô hình Naive Bayes
[2025-12-09 06:46:02] [INFO] Khởi tạo NaiveVisualization, thư mục lưu hình: images
[2025-12-09 06:46:02] [INFO] Bắt đầu trực quan hóa mô hình Naive Bayes
[2025-12-09 06:47:57] [INFO] Khởi tạo NaiveVisualization, thư mục lưu hình: images
[2025-12-09 06:47:57] [INFO] Bắt đầu trực quan hóa mô hình Naive Bayes
[2025-12-09 06:47:57] [INFO] Dữ liệu đánh giá: 1249 mẫu
[2025-12-09 06:47:57] [INFO] Vẽ confusion matrix cho Naive Bayes...
[2025-12-09 06:47:58] [INFO] Đã lưu hình trực quan hóa Naive Bayes tại: naive_confusion_matrix.png
[2025-12-09 06:49:42] [INFO] Khởi tạo NaiveVisualization, thư mục lưu hình: images
[2025-12-09 06:49:42] [INFO] Bắt đầu trực quan hóa mô hình Naive Bayes
[2025-12-09 06:49:42] [INFO] Dữ liệu đánh giá: 1249 mẫu
[2025-12-09 06:49:42] [INFO] Vẽ confusion matrix cho Naive Bayes...
[2025-12-09 06:49:42] [INFO] Đã lưu hình trực quan hóa Naive Bayes tại: naive_confusion_matrix.png
<<<<<<< HEAD
[2025-12-09 14:53:50] [INFO] Khởi tạo NaiveVisualization, thư mục lưu hình: images
[2025-12-09 14:53:50] [INFO] Bắt đầu trực quan hóa mô hình Naive Bayes
[2025-12-09 14:53:50] [INFO] Dữ liệu đánh giá: 1249 mẫu
[2025-12-09 14:53:50] [INFO] Vẽ confusion matrix cho Naive Bayes...
[2025-12-09 14:53:52] [INFO] Đã lưu hình trực quan hóa Naive Bayes tại: naive_confusion_matrix.png
=======
[2025-12-09 07:19:22] [INFO] Khởi tạo NaiveVisualization, thư mục lưu hình: images
[2025-12-09 07:19:22] [INFO] Bắt đầu trực quan hóa mô hình Naive Bayes
[2025-12-09 07:19:22] [INFO] Dữ liệu đánh giá: 1249 mẫu
[2025-12-09 07:19:22] [INFO] Vẽ confusion matrix cho Naive Bayes...
[2025-12-09 07:19:23] [INFO] Đã lưu hình trực quan hóa Naive Bayes tại: naive_confusion_matrix.png
[2025-12-09 07:51:01] [INFO] Khởi tạo NaiveVisualization, thư mục lưu hình: images
[2025-12-09 07:51:01] [INFO] Bắt đầu trực quan hóa mô hình Naive Bayes
[2025-12-09 07:51:01] [INFO] Dữ liệu đánh giá: 1249 mẫu
[2025-12-09 07:51:01] [INFO] Vẽ confusion matrix cho Naive Bayes...
[2025-12-09 07:51:02] [INFO] Đã lưu hình trực quan hóa Naive Bayes tại: naive_confusion_matrix.png
>>>>>>> 8a9f5eb67bb6154d603e7ea54e254af15de8692e
[2025-12-09 15:09:39] [INFO] Khởi tạo NaiveVisualization, thư mục lưu hình: images
[2025-12-09 15:09:39] [INFO] Bắt đầu trực quan hóa mô hình Naive Bayes
[2025-12-09 15:09:39] [INFO] Dữ liệu đánh giá: 1249 mẫu
[2025-12-09 15:09:39] [INFO] Vẽ confusion matrix cho Naive Bayes...
[2025-12-09 15:09:39] [INFO] Đã lưu hình trực quan hóa Naive Bayes tại: naive_confusion_matrix.png
[2025-12-09 23:47:58] [INFO] Khởi tạo NaiveVisualization, thư mục lưu hình: images
[2025-12-09 23:47:58] [INFO] Bắt đầu trực quan hóa mô hình Naive Bayes
[2025-12-09 23:47:58] [INFO] Dữ liệu đánh giá: 1249 mẫu
[2025-12-09 23:47:58] [INFO] Vẽ confusion matrix cho Naive Bayes...
[2025-12-09 23:47:59] [INFO] Đã lưu hình trực quan hóa Naive Bayes tại: naive_confusion_matrix.png
[2025-12-09 23:48:30] [INFO] Khởi tạo NaiveVisualization, thư mục lưu hình: images
[2025-12-09 23:48:30] [INFO] Bắt đầu trực quan hóa mô hình Naive Bayes
[2025-12-09 23:48:30] [INFO] Dữ liệu đánh giá: 1249 mẫu
[2025-12-09 23:48:30] [INFO] Vẽ confusion matrix cho Naive Bayes...
[2025-12-09 23:48:31] [INFO] Đã lưu hình trực quan hóa Naive Bayes tại: naive_confusion_matrix.png
[2025-12-10 01:00:35] [INFO] Khởi tạo NaiveVisualization, thư mục lưu hình: images
[2025-12-10 01:00:35] [INFO] Bắt đầu trực quan hóa mô hình Naive Bayes
[2025-12-10 01:00:35] [INFO] Dữ liệu đánh giá: 1249 mẫu
[2025-12-10 01:00:35] [INFO] Vẽ confusion matrix cho Naive Bayes...
[2025-12-10 01:00:40] [INFO] Đã lưu hình trực quan hóa Naive Bayes tại: naive_confusion_matrix.png
[2025-12-10 01:01:08] [INFO] Khởi tạo NaiveVisualization, thư mục lưu hình: images
[2025-12-10 01:01:08] [INFO] Bắt đầu trực quan hóa mô hình Naive Bayes
[2025-12-10 01:01:08] [INFO] Dữ liệu đánh giá: 1249 mẫu
[2025-12-10 01:01:08] [INFO] Vẽ confusion matrix cho Naive Bayes...
[2025-12-10 01:01:11] [INFO] Đã lưu hình trực quan hóa Naive Bayes tại: naive_confusion_matrix.png
[2025-12-10 01:09:49] [INFO] Khởi tạo NaiveVisualization, thư mục lưu hình: images
[2025-12-10 01:09:49] [INFO] Bắt đầu trực quan hóa mô hình Naive Bayes
[2025-12-10 01:09:49] [INFO] Dữ liệu đánh giá: 1249 mẫu
[2025-12-10 01:09:49] [INFO] Vẽ confusion matrix cho Naive Bayes...
[2025-12-10 01:09:50] [INFO] Đã lưu hình trực quan hóa Naive Bayes tại: naive_confusion_matrix.png
[2025-12-10 19:57:43] [INFO] Khởi tạo NaiveVisualization, thư mục lưu hình: images
[2025-12-10 19:57:43] [INFO] Bắt đầu trực quan hóa mô hình Naive Bayes
[2025-12-10 19:57:43] [INFO] Dữ liệu đánh giá: 1249 mẫu
[2025-12-10 19:57:43] [INFO] Vẽ confusion matrix cho Naive Bayes...
[2025-12-10 19:57:45] [INFO] Đã lưu hình trực quan hóa Naive Bayes tại: naive_confusion_matrix.png
[2025-12-10 20:00:42] [INFO] Khởi tạo NaiveVisualization, thư mục lưu hình: images
[2025-12-10 20:00:42] [INFO] Bắt đầu trực quan hóa mô hình Naive Bayes
[2025-12-10 20:00:42] [INFO] Dữ liệu đánh giá: 1249 mẫu
[2025-12-10 20:00:42] [INFO] Vẽ confusion matrix cho Naive Bayes...
[2025-12-10 20:00:44] [INFO] Đã lưu hình trực quan hóa Naive Bayes tại: naive_confusion_matrix.png
[2025-12-10 20:08:45] [INFO] Khởi tạo NaiveVisualization, thư mục lưu hình: images
[2025-12-10 20:08:45] [INFO] Bắt đầu trực quan hóa mô hình Naive Bayes
[2025-12-10 20:08:45] [INFO] Dữ liệu đánh giá: 1249 mẫu
[2025-12-10 20:08:45] [INFO] Vẽ confusion matrix cho Naive Bayes...
[2025-12-10 20:08:46] [INFO] Đã lưu hình trực quan hóa Naive Bayes tại: naive_confusion_matrix.png
[2025-12-10 20:09:19] [INFO] Khởi tạo NaiveVisualization, thư mục lưu hình: images
[2025-12-10 20:09:19] [INFO] Bắt đầu trực quan hóa mô hình Naive Bayes
[2025-12-10 20:09:19] [INFO] Dữ liệu đánh giá: 1249 mẫu
[2025-12-10 20:09:19] [INFO] Vẽ confusion matrix cho Naive Bayes...
[2025-12-10 20:09:20] [INFO] Đã lưu hình trực quan hóa Naive Bayes tại: naive_confusion_matrix.png
[2025-12-10 20:19:22] [INFO] Khởi tạo NaiveVisualization, thư mục lưu hình: images
[2025-12-10 20:19:22] [INFO] Bắt đầu trực quan hóa mô hình Naive Bayes
[2025-12-10 20:19:22] [INFO] Dữ liệu đánh giá: 1249 mẫu
[2025-12-10 20:19:22] [INFO] Vẽ confusion matrix cho Naive Bayes...
[2025-12-10 20:19:23] [INFO] Đã lưu hình trực quan hóa Naive Bayes tại: naive_confusion_matrix.png
[2025-12-10 20:34:36] [INFO] Khởi tạo NaiveVisualization, thư mục lưu hình: images
[2025-12-10 20:34:36] [INFO] Bắt đầu trực quan hóa mô hình Naive Bayes
[2025-12-10 20:34:36] [INFO] Dữ liệu đánh giá: 1249 mẫu
[2025-12-10 20:34:36] [INFO] Vẽ confusion matrix cho Naive Bayes...
[2025-12-10 20:34:37] [INFO] Đã lưu hình trực quan hóa Naive Bayes tại: naive_confusion_matrix.png
[2025-12-10 21:17:18] [INFO] Khởi tạo NaiveVisualization, thư mục lưu hình: images
[2025-12-10 21:17:18] [INFO] Bắt đầu trực quan hóa mô hình Naive Bayes
[2025-12-10 21:17:18] [INFO] Dữ liệu đánh giá: 1249 mẫu
[2025-12-10 21:17:18] [INFO] Vẽ confusion matrix cho Naive Bayes...
[2025-12-10 21:17:19] [INFO] Đã lưu hình trực quan hóa Naive Bayes tại: naive_confusion_matrix.png
