[2025-12-09 07:47:41] [INFO] Khởi tạo NaiveBayesOptimizer
[2025-12-09 07:47:41] [INFO] Bắt đầu tối ưu tham số Naive Bayes với 5-fold CV
[2025-12-09 07:47:44] [INFO] Tối ưu xong. Best params: {'alpha': 0.1}, Best score: 0.5220
[2025-12-09 07:47:44] [INFO] Huấn luyện mô hình Naive Bayes với tham số tối ưu
[2025-12-09 07:50:59] [INFO] Khởi tạo NaiveBayesOptimizer
[2025-12-09 07:50:59] [INFO] Bắt đầu tối ưu tham số Naive Bayes với 5-fold CV
[2025-12-09 07:51:01] [INFO] Tối ưu xong. Best params: {'alpha': 0.1}, Best score: 0.5220
[2025-12-09 07:51:01] [INFO] Huấn luyện mô hình Naive Bayes với tham số tối ưu
[2025-12-09 07:51:01] [INFO] Huấn luyện NaiveBayesModel hoàn tất
[2025-12-09 15:09:35] [INFO] Khởi tạo NaiveBayesOptimizer
[2025-12-09 15:09:35] [INFO] Bắt đầu tối ưu tham số Naive Bayes với 5-fold CV
[2025-12-09 15:09:39] [INFO] Tối ưu xong. Best params: {'alpha': 0.1}, Best score: 0.5220
[2025-12-09 15:09:39] [INFO] Huấn luyện mô hình Naive Bayes với tham số tối ưu
[2025-12-09 15:09:39] [INFO] Huấn luyện NaiveBayesModel hoàn tất
[2025-12-09 22:37:24] [INFO] Khởi tạo NaiveBayesOptimizer
[2025-12-09 22:37:24] [INFO] Bắt đầu tối ưu tham số Naive Bayes với 5-fold CV
[2025-12-09 22:38:24] [INFO] Khởi tạo NaiveBayesOptimizer
[2025-12-09 22:38:24] [INFO] Bắt đầu tối ưu tham số Naive Bayes với 5-fold CV
[2025-12-09 23:47:31] [INFO] Khởi tạo NaiveBayesOptimizer
[2025-12-09 23:47:31] [INFO] Bắt đầu tối ưu tham số Naive Bayes với 5-fold CV
[2025-12-09 23:47:58] [INFO] Khởi tạo NaiveBayesOptimizer
[2025-12-09 23:47:58] [INFO] Bắt đầu tối ưu tham số Naive Bayes với 5-fold CV
[2025-12-09 23:47:58] [INFO] Tối ưu xong. Best params: {'alpha': 0.1}, Best score: 0.5220
[2025-12-09 23:47:58] [INFO] Huấn luyện mô hình Naive Bayes với tham số tối ưu
[2025-12-09 23:47:58] [INFO] Huấn luyện NaiveBayesModel hoàn tất
[2025-12-09 23:48:30] [INFO] Khởi tạo NaiveBayesOptimizer
[2025-12-09 23:48:30] [INFO] Bắt đầu tối ưu tham số Naive Bayes với 5-fold CV
[2025-12-09 23:48:30] [INFO] Tối ưu xong. Best params: {'alpha': 0.1}, Best score: 0.5220
[2025-12-09 23:48:30] [INFO] Huấn luyện mô hình Naive Bayes với tham số tối ưu
[2025-12-09 23:48:30] [INFO] Huấn luyện NaiveBayesModel hoàn tất
[2025-12-10 01:00:35] [INFO] Khởi tạo NaiveBayesOptimizer
[2025-12-10 01:00:35] [INFO] Bắt đầu tối ưu tham số Naive Bayes với 5-fold CV
[2025-12-10 01:00:35] [INFO] Tối ưu xong. Best params: {'alpha': 0.1}, Best score: 0.5220
[2025-12-10 01:00:35] [INFO] Huấn luyện mô hình Naive Bayes với tham số tối ưu
[2025-12-10 01:00:35] [INFO] Huấn luyện NaiveBayesModel hoàn tất
[2025-12-10 01:01:08] [INFO] Khởi tạo NaiveBayesOptimizer
[2025-12-10 01:01:08] [INFO] Bắt đầu tối ưu tham số Naive Bayes với 5-fold CV
[2025-12-10 01:01:08] [INFO] Tối ưu xong. Best params: {'alpha': 0.1}, Best score: 0.5220
[2025-12-10 01:01:08] [INFO] Huấn luyện mô hình Naive Bayes với tham số tối ưu
[2025-12-10 01:01:08] [INFO] Huấn luyện NaiveBayesModel hoàn tất
[2025-12-10 01:09:49] [INFO] Khởi tạo NaiveBayesOptimizer
[2025-12-10 01:09:49] [INFO] Bắt đầu tối ưu tham số Naive Bayes với 5-fold CV
[2025-12-10 01:09:49] [INFO] Tối ưu xong. Best params: {'alpha': 0.1}, Best score: 0.5220
[2025-12-10 01:09:49] [INFO] Huấn luyện mô hình Naive Bayes với tham số tối ưu
[2025-12-10 01:09:49] [INFO] Huấn luyện NaiveBayesModel hoàn tất
[2025-12-10 19:57:43] [INFO] Khởi tạo NaiveBayesOptimizer
[2025-12-10 19:57:43] [INFO] Bắt đầu tối ưu tham số Naive Bayes với 5-fold CV
[2025-12-10 19:57:43] [INFO] Tối ưu xong. Best params: {'alpha': 0.1}, Best score: 0.5220
[2025-12-10 19:57:43] [INFO] Huấn luyện mô hình Naive Bayes với tham số tối ưu
[2025-12-10 19:57:43] [INFO] Huấn luyện NaiveBayesModel hoàn tất
[2025-12-10 20:00:42] [INFO] Khởi tạo NaiveBayesOptimizer
[2025-12-10 20:00:42] [INFO] Bắt đầu tối ưu tham số Naive Bayes với 5-fold CV
[2025-12-10 20:00:42] [INFO] Tối ưu xong. Best params: {'alpha': 0.1}, Best score: 0.5220
[2025-12-10 20:00:42] [INFO] Huấn luyện mô hình Naive Bayes với tham số tối ưu
[2025-12-10 20:00:42] [INFO] Huấn luyện NaiveBayesModel hoàn tất
[2025-12-10 20:08:45] [INFO] Khởi tạo NaiveBayesOptimizer
[2025-12-10 20:08:45] [INFO] Bắt đầu tối ưu tham số Naive Bayes với 5-fold CV
[2025-12-10 20:08:45] [INFO] Tối ưu xong. Best params: {'alpha': 0.1}, Best score: 0.5220
[2025-12-10 20:08:45] [INFO] Huấn luyện mô hình Naive Bayes với tham số tối ưu
[2025-12-10 20:08:45] [INFO] Huấn luyện NaiveBayesModel hoàn tất
[2025-12-10 20:09:19] [INFO] Khởi tạo NaiveBayesOptimizer
[2025-12-10 20:09:19] [INFO] Bắt đầu tối ưu tham số Naive Bayes với 5-fold CV
[2025-12-10 20:09:19] [INFO] Tối ưu xong. Best params: {'alpha': 0.1}, Best score: 0.5220
[2025-12-10 20:09:19] [INFO] Huấn luyện mô hình Naive Bayes với tham số tối ưu
[2025-12-10 20:09:19] [INFO] Huấn luyện NaiveBayesModel hoàn tất
[2025-12-10 20:19:22] [INFO] Khởi tạo NaiveBayesOptimizer
[2025-12-10 20:19:22] [INFO] Bắt đầu tối ưu tham số Naive Bayes với 5-fold CV
[2025-12-10 20:19:22] [INFO] Tối ưu xong. Best params: {'alpha': 0.1}, Best score: 0.5220
[2025-12-10 20:19:22] [INFO] Huấn luyện mô hình Naive Bayes với tham số tối ưu
[2025-12-10 20:19:22] [INFO] Huấn luyện NaiveBayesModel hoàn tất
[2025-12-10 20:34:36] [INFO] Khởi tạo NaiveBayesOptimizer
[2025-12-10 20:34:36] [INFO] Bắt đầu tối ưu tham số Naive Bayes với 5-fold CV
[2025-12-10 20:34:36] [INFO] Tối ưu xong. Best params: {'alpha': 0.1}, Best score: 0.5220
[2025-12-10 20:34:36] [INFO] Huấn luyện mô hình Naive Bayes với tham số tối ưu
[2025-12-10 20:34:36] [INFO] Huấn luyện NaiveBayesModel hoàn tất
[2025-12-10 21:17:18] [INFO] Khởi tạo NaiveBayesOptimizer
[2025-12-10 21:17:18] [INFO] Bắt đầu tối ưu tham số Naive Bayes với 5-fold CV
[2025-12-10 21:17:18] [INFO] Tối ưu xong. Best params: {'alpha': 0.1}, Best score: 0.5220
[2025-12-10 21:17:18] [INFO] Huấn luyện mô hình Naive Bayes với tham số tối ưu
[2025-12-10 21:17:18] [INFO] Huấn luyện NaiveBayesModel hoàn tất
