[2025-12-09 12:39:55] [INFO] Khởi tạo SVMModel với kernel=linear, C=1.0
[2025-12-09 12:39:55] [INFO] Bắt đầu train mô hình SVM
[2025-12-09 12:39:55] [INFO] Tập train size: 4992 | test size: 1249
[2025-12-09 12:39:55] [INFO] Bắt đầu cân bằng dữ liệu với RandomOverSampler
[2025-12-09 12:39:55] [INFO] Cân bằng dữ liệu xong. Số mẫu mới: 7287
[2025-12-09 12:40:05] [INFO] Huấn luyện mô hình hoàn tất!
[2025-12-09 12:40:05] [INFO] Bắt đầu đánh giá mô hình
[2025-12-09 12:40:05] [INFO] Đánh giá mô hình xong.
[2025-12-09 12:40:05] [INFO] F1 mỗi lớp: {'0': 0.6175710594315246, '1': 0.705685618729097, '2': 0.36363636363636365}
[2025-12-09 12:40:05] [INFO] Đã lưu mô hình vào: d:\HK1 NĂM 3\PYTHON FOR DATA SCIENCE\Emo-Classification\models\svm_sentiment.pkl
[2025-12-09 12:50:48] [INFO] Khởi tạo SVMModel với kernel=linear, C=1.0
[2025-12-09 12:50:48] [INFO] Bắt đầu train mô hình SVM
[2025-12-09 12:50:48] [INFO] Tập train size: 4992 | test size: 1249
[2025-12-09 12:50:48] [INFO] Bắt đầu cân bằng dữ liệu với RandomOverSampler
[2025-12-09 12:50:48] [INFO] Cân bằng dữ liệu xong. Số mẫu mới: 7287
[2025-12-09 12:50:57] [INFO] Huấn luyện mô hình hoàn tất!
[2025-12-09 12:50:57] [INFO] Bắt đầu đánh giá mô hình
[2025-12-09 12:50:57] [INFO] Đánh giá mô hình xong.
[2025-12-09 12:50:57] [INFO] F1 mỗi lớp: {'0': 0.6175710594315246, '1': 0.705685618729097, '2': 0.36363636363636365}
[2025-12-09 12:50:57] [INFO] Đã lưu mô hình vào: d:\HK1 NĂM 3\PYTHON FOR DATA SCIENCE\Emo-Classification\models\svm_sentiment.pkl
[2025-12-09 12:54:23] [INFO] Khởi tạo SVMModel với kernel=linear, C=1.0
[2025-12-09 12:54:23] [INFO] Bắt đầu train mô hình SVM
[2025-12-09 12:54:23] [INFO] Tập train size: 4992 | test size: 1249
[2025-12-09 12:54:23] [INFO] Bắt đầu cân bằng dữ liệu với RandomOverSampler
[2025-12-09 12:54:23] [INFO] Cân bằng dữ liệu xong. Số mẫu mới: 7287
[2025-12-09 12:54:32] [INFO] Huấn luyện mô hình hoàn tất!
[2025-12-09 12:54:32] [INFO] Bắt đầu đánh giá mô hình
[2025-12-09 12:54:33] [INFO] Đánh giá mô hình xong.
[2025-12-09 12:54:33] [INFO] F1 mỗi lớp: {'0': 0.6175710594315246, '1': 0.705685618729097, '2': 0.36363636363636365}
[2025-12-09 12:54:33] [INFO] Đã lưu mô hình vào: d:\HK1 NĂM 3\PYTHON FOR DATA SCIENCE\Emo-Classification\models\svm_sentiment.pkl
[2025-12-09 12:57:26] [INFO] Khởi tạo SVMModel với kernel=linear, C=1.0
[2025-12-09 12:57:26] [INFO] Bắt đầu train mô hình SVM
[2025-12-09 12:57:26] [INFO] Tập train size: 4992 | test size: 1249
[2025-12-09 12:57:26] [INFO] Bắt đầu cân bằng dữ liệu với RandomOverSampler
[2025-12-09 12:57:26] [INFO] Cân bằng dữ liệu xong. Số mẫu mới: 7287
[2025-12-09 12:57:44] [INFO] Huấn luyện mô hình hoàn tất!
[2025-12-09 12:57:44] [INFO] Bắt đầu đánh giá mô hình
[2025-12-09 12:57:44] [INFO] Đánh giá mô hình xong.
[2025-12-09 12:57:44] [INFO] F1 mỗi lớp: {'0': 0.6175710594315246, '1': 0.705685618729097, '2': 0.36363636363636365}
[2025-12-09 12:57:44] [INFO] Đã lưu mô hình vào: d:\HK1 NĂM 3\PYTHON FOR DATA SCIENCE\Emo-Classification\models\svm_sentiment.pkl
[2025-12-09 12:57:44] [INFO] Dự đoán 1249 mẫu.
[2025-12-09 13:31:47] [INFO] Khởi tạo SVMModel với kernel=linear, C=1.0
[2025-12-09 13:31:47] [INFO] Bắt đầu cân bằng dữ liệu với RandomOverSampler
[2025-12-09 13:31:47] [INFO] Cân bằng dữ liệu xong. Số mẫu mới: 7287
[2025-12-09 13:31:59] [INFO] Bắt đầu đánh giá mô hình
[2025-12-09 13:31:59] [INFO] Đánh giá mô hình xong.
[2025-12-09 13:31:59] [INFO] F1 mỗi lớp: {'0': 0.6470588235294118, '1': 0.7383458646616541, '2': 0.25906735751295334}
[2025-12-09 13:31:59] [INFO] Đã lưu mô hình vào: d:\HK1 NĂM 3\PYTHON FOR DATA SCIENCE\Emo-Classification\models\svm_sentiment.pkl
[2025-12-09 13:31:59] [INFO] Dự đoán 1249 mẫu.
[2025-12-09 13:48:16] [INFO] Khởi tạo SVMModel với kernel=linear, C=1.0
[2025-12-09 13:48:16] [INFO] Bắt đầu cân bằng dữ liệu với RandomOverSampler
[2025-12-09 13:48:16] [INFO] Cân bằng dữ liệu xong. Số mẫu mới: 7287
[2025-12-09 13:48:28] [INFO] Bắt đầu đánh giá mô hình
[2025-12-09 13:48:28] [INFO] Đánh giá mô hình xong.
[2025-12-09 13:48:28] [INFO] F1 mỗi lớp: {'0': 0.6470588235294118, '1': 0.7383458646616541, '2': 0.25906735751295334}
[2025-12-09 13:48:28] [INFO] Đã lưu mô hình vào: d:\HK1 NĂM 3\PYTHON FOR DATA SCIENCE\Emo-Classification\models\svm_sentiment.pkl
[2025-12-09 13:48:28] [INFO] Dự đoán 1249 mẫu.
[2025-12-09 14:02:48] [INFO] Khởi tạo SVMModel với kernel=linear, C=1.0
[2025-12-09 14:02:48] [INFO] Bắt đầu cân bằng dữ liệu với RandomOverSampler
[2025-12-09 14:02:48] [INFO] Cân bằng dữ liệu xong. Số mẫu mới: 7287
[2025-12-09 14:02:59] [INFO] Bắt đầu đánh giá mô hình
[2025-12-09 14:03:00] [INFO] Đánh giá mô hình xong.
[2025-12-09 14:03:00] [INFO] F1 mỗi lớp: {'0': 0.6470588235294118, '1': 0.7383458646616541, '2': 0.25906735751295334}
[2025-12-09 14:03:00] [INFO] Đã lưu mô hình vào: D:\HK1 NĂM 3\PYTHON FOR DATA SCIENCE\Emo-Classification\models\svm_sentiment.pkl
[2025-12-09 14:03:00] [INFO] Dự đoán 1249 mẫu.
[2025-12-09 14:55:45] [INFO] Khởi tạo SVMModel với kernel=linear, C=1.0
[2025-12-09 14:55:45] [INFO] Bắt đầu cân bằng dữ liệu với RandomOverSampler
[2025-12-09 14:55:45] [INFO] Cân bằng dữ liệu xong. Số mẫu mới: 7287
[2025-12-09 14:55:57] [INFO] Bắt đầu đánh giá mô hình
[2025-12-09 14:55:57] [INFO] Đánh giá mô hình xong.
[2025-12-09 14:55:57] [INFO] F1 mỗi lớp: {'0': 0.6470588235294118, '1': 0.7383458646616541, '2': 0.25906735751295334}
[2025-12-09 14:55:57] [INFO] Đã lưu mô hình vào: d:\HK1 NĂM 3\PYTHON FOR DATA SCIENCE\Emo-Classification\models_saver\svm_sentiment.pkl
[2025-12-09 14:55:57] [INFO] Dự đoán 1249 mẫu.
[2025-12-09 15:11:10] [INFO] Khởi tạo SVMModel với kernel=linear, C=1.0
[2025-12-09 15:11:10] [INFO] Bắt đầu cân bằng dữ liệu với RandomOverSampler
[2025-12-09 15:11:10] [INFO] Cân bằng dữ liệu xong. Số mẫu mới: 7287
[2025-12-09 15:11:21] [INFO] Bắt đầu đánh giá mô hình
[2025-12-09 15:11:21] [INFO] Đánh giá mô hình xong.
[2025-12-09 15:11:21] [INFO] F1 mỗi lớp: {'0': 0.6470588235294118, '1': 0.7383458646616541, '2': 0.25906735751295334}
[2025-12-09 15:11:21] [INFO] Đã lưu mô hình vào: d:\HK1 NĂM 3\PYTHON FOR DATA SCIENCE\Emo-Classification\models_saver\svm_sentiment.pkl
[2025-12-09 15:11:21] [INFO] Dự đoán 1249 mẫu.
[2025-12-10 20:17:50] [INFO] Khởi tạo SVMModel với kernel=linear, C=1.0
[2025-12-10 20:17:50] [INFO] Bắt đầu cân bằng dữ liệu với RandomOverSampler
[2025-12-10 20:17:50] [INFO] Cân bằng dữ liệu xong. Số mẫu mới: 7287
[2025-12-10 20:18:01] [INFO] Bắt đầu đánh giá mô hình
[2025-12-10 20:18:01] [INFO] Đánh giá mô hình xong.
[2025-12-10 20:18:01] [INFO] F1 mỗi lớp: {'0': 0.6470588235294118, '1': 0.7383458646616541, '2': 0.25906735751295334}
[2025-12-10 20:18:01] [INFO] Đã lưu mô hình vào: /Users/kieen/hehe/Emo-Classification/models_saver/svm_sentiment.pkl
[2025-12-10 20:18:01] [INFO] Dự đoán 1249 mẫu.
[2025-12-10 20:27:53] [INFO] Khởi tạo SVMModel với kernel=linear, C=1.0
[2025-12-10 20:27:53] [INFO] Bắt đầu cân bằng dữ liệu với RandomOverSampler
[2025-12-10 20:27:53] [INFO] Cân bằng dữ liệu xong. Số mẫu mới: 7287
[2025-12-10 20:28:04] [INFO] Bắt đầu đánh giá mô hình
[2025-12-10 20:28:04] [INFO] Đánh giá mô hình xong.
[2025-12-10 20:28:04] [INFO] F1 mỗi lớp: {'0': 0.6470588235294118, '1': 0.7383458646616541, '2': 0.25906735751295334}
[2025-12-10 20:28:04] [INFO] Đã lưu mô hình vào: /Users/kieen/hehe/Emo-Classification/models_saver/svm_sentiment.pkl
[2025-12-10 20:28:04] [INFO] Dự đoán 1249 mẫu.
[2025-12-10 20:43:01] [INFO] Khởi tạo SVMModel với kernel=linear, C=1.0
[2025-12-10 20:43:01] [INFO] Bắt đầu cân bằng dữ liệu với RandomOverSampler
[2025-12-10 20:43:01] [INFO] Cân bằng dữ liệu xong. Số mẫu mới: 7287
[2025-12-10 20:43:12] [INFO] Bắt đầu đánh giá mô hình
[2025-12-10 20:43:13] [INFO] Đánh giá mô hình xong.
[2025-12-10 20:43:13] [INFO] F1 mỗi lớp: {'0': 0.6470588235294118, '1': 0.7383458646616541, '2': 0.25906735751295334}
[2025-12-10 20:43:13] [INFO] Đã lưu mô hình vào: /Users/kieen/hehe/Emo-Classification/models_saver/svm_sentiment.pkl
[2025-12-10 20:43:13] [INFO] Dự đoán 1249 mẫu.
[2025-12-10 21:25:56] [INFO] Khởi tạo SVMModel với kernel=linear, C=1.0
[2025-12-10 21:25:56] [INFO] Bắt đầu cân bằng dữ liệu với RandomOverSampler
[2025-12-10 21:25:56] [INFO] Cân bằng dữ liệu xong. Số mẫu mới: 7287
[2025-12-10 21:26:07] [INFO] Bắt đầu đánh giá mô hình
[2025-12-10 21:26:07] [INFO] Đánh giá mô hình xong.
[2025-12-10 21:26:07] [INFO] F1 mỗi lớp: {'0': 0.6470588235294118, '1': 0.7383458646616541, '2': 0.25906735751295334}
[2025-12-10 21:26:07] [INFO] Đã lưu mô hình vào: /Users/kieen/hehe/Emo-Classification/models_saver/svm_sentiment.pkl
[2025-12-10 21:26:07] [INFO] Dự đoán 1249 mẫu.
