[2025-12-09 12:24:24] [INFO] Khởi tạo TFIDF với max_features=5000, ngram_range=(1, 2)
[2025-12-09 12:24:24] [INFO] TFIDF đã được khởi tạo thành công.
[2025-12-09 12:24:24] [INFO] Gọi fit_transform trong DataFeature
[2025-12-09 12:24:24] [INFO] Bắt đầu fit TFIDF
[2025-12-09 12:24:25] [INFO] Fit TFIDF thành công.
[2025-12-09 12:24:25] [INFO] fit() hoàn thành — bắt đầu transform()
[2025-12-09 12:24:25] [INFO] Bắt đầu transform TFIDF...
[2025-12-09 12:24:25] [INFO] Transform hoàn thành. Shape = (6241, 2899)
[2025-12-09 12:39:53] [INFO] Khởi tạo TFIDF với max_features=5000, ngram_range=(1, 2)
[2025-12-09 12:39:53] [INFO] TFIDF đã được khởi tạo thành công.
[2025-12-09 12:39:53] [INFO] Gọi fit_transform trong DataFeature
[2025-12-09 12:39:53] [INFO] Bắt đầu fit TFIDF
[2025-12-09 12:39:53] [INFO] Fit TFIDF thành công.
[2025-12-09 12:39:53] [INFO] fit() hoàn thành — bắt đầu transform()
[2025-12-09 12:39:53] [INFO] Bắt đầu transform TFIDF...
[2025-12-09 12:39:53] [INFO] Transform hoàn thành. Shape = (6241, 2899)
[2025-12-09 12:50:42] [INFO] Khởi tạo TFIDF với max_features=5000, ngram_range=(1, 2)
[2025-12-09 12:50:42] [INFO] TFIDF đã được khởi tạo thành công.
[2025-12-09 12:50:42] [INFO] Gọi fit_transform trong DataFeature
[2025-12-09 12:50:42] [INFO] Bắt đầu fit TFIDF
[2025-12-09 12:50:42] [INFO] Fit TFIDF thành công.
[2025-12-09 12:50:42] [INFO] fit() hoàn thành — bắt đầu transform()
[2025-12-09 12:50:42] [INFO] Bắt đầu transform TFIDF...
[2025-12-09 12:50:42] [INFO] Transform hoàn thành. Shape = (6241, 2899)
[2025-12-09 12:54:21] [INFO] Khởi tạo TFIDF với max_features=5000, ngram_range=(1, 2)
[2025-12-09 12:54:21] [INFO] TFIDF đã được khởi tạo thành công.
[2025-12-09 12:54:21] [INFO] Gọi fit_transform trong DataFeature
[2025-12-09 12:54:21] [INFO] Bắt đầu fit TFIDF
[2025-12-09 12:54:21] [INFO] Fit TFIDF thành công.
[2025-12-09 12:54:21] [INFO] fit() hoàn thành — bắt đầu transform()
[2025-12-09 12:54:21] [INFO] Bắt đầu transform TFIDF...
[2025-12-09 12:54:21] [INFO] Transform hoàn thành. Shape = (6241, 2899)
[2025-12-09 12:57:24] [INFO] Khởi tạo TFIDF với max_features=5000, ngram_range=(1, 2)
[2025-12-09 12:57:24] [INFO] TFIDF đã được khởi tạo thành công.
[2025-12-09 12:57:24] [INFO] Gọi fit_transform trong DataFeature
[2025-12-09 12:57:24] [INFO] Bắt đầu fit TFIDF
[2025-12-09 12:57:24] [INFO] Fit TFIDF thành công.
[2025-12-09 12:57:24] [INFO] fit() hoàn thành — bắt đầu transform()
[2025-12-09 12:57:24] [INFO] Bắt đầu transform TFIDF...
[2025-12-09 12:57:24] [INFO] Transform hoàn thành. Shape = (6241, 2899)
[2025-12-09 13:19:46] [INFO] Khởi tạo TFIDF với max_features=5000, ngram_range=(1, 2)
[2025-12-09 13:19:46] [INFO] TFIDF đã được khởi tạo thành công.
[2025-12-09 13:19:46] [INFO] Gọi fit_transform trong DataFeature
[2025-12-09 13:19:46] [INFO] Bắt đầu fit TFIDF
[2025-12-09 13:19:46] [INFO] Fit TFIDF thành công.
[2025-12-09 13:19:46] [INFO] fit() hoàn thành — bắt đầu transform()
[2025-12-09 13:19:46] [INFO] Bắt đầu transform TFIDF...
[2025-12-09 13:19:46] [INFO] Transform hoàn thành. Shape = (6241, 2899)
[2025-12-09 13:22:42] [INFO] Khởi tạo TFIDF với max_features=5000, ngram_range=(1, 2)
[2025-12-09 13:22:42] [INFO] TFIDF đã được khởi tạo thành công.
[2025-12-09 13:22:42] [INFO] Gọi fit_transform trong DataFeature
[2025-12-09 13:22:42] [INFO] Bắt đầu fit TFIDF
[2025-12-09 13:22:42] [INFO] Fit TFIDF thành công.
[2025-12-09 13:22:42] [INFO] fit() hoàn thành — bắt đầu transform()
[2025-12-09 13:22:42] [INFO] Bắt đầu transform TFIDF...
[2025-12-09 13:22:42] [INFO] Transform hoàn thành. Shape = (6241, 2899)
[2025-12-09 13:29:11] [INFO] Khởi tạo TFIDF với max_features=5000, ngram_range=(1, 2)
[2025-12-09 13:29:11] [INFO] TFIDF đã được khởi tạo thành công.
[2025-12-09 13:29:11] [INFO] Gọi fit_transform trong DataFeature
[2025-12-09 13:29:11] [INFO] Bắt đầu fit TFIDF
[2025-12-09 13:29:11] [INFO] Fit TFIDF thành công.
[2025-12-09 13:29:11] [INFO] fit() hoàn thành — bắt đầu transform()
[2025-12-09 13:29:11] [INFO] Bắt đầu transform TFIDF...
[2025-12-09 13:29:11] [INFO] Transform hoàn thành. Shape = (6241, 2899)
[2025-12-09 13:46:13] [INFO] Khởi tạo TFIDF với max_features=5000, ngram_range=(1, 2)
[2025-12-09 13:46:13] [INFO] TFIDF đã được khởi tạo thành công.
[2025-12-09 13:46:13] [INFO] Gọi fit_transform trong DataFeature
[2025-12-09 13:46:13] [INFO] Bắt đầu fit TFIDF
[2025-12-09 13:46:13] [INFO] Fit TFIDF thành công.
[2025-12-09 13:46:13] [INFO] fit() hoàn thành — bắt đầu transform()
[2025-12-09 13:46:13] [INFO] Bắt đầu transform TFIDF...
[2025-12-09 13:46:13] [INFO] Transform hoàn thành. Shape = (6241, 2899)
[2025-12-09 14:01:07] [INFO] Khởi tạo TFIDF với max_features=5000, ngram_range=(1, 2)
[2025-12-09 14:01:07] [INFO] TFIDF đã được khởi tạo thành công.
[2025-12-09 14:01:07] [INFO] Gọi fit_transform trong DataFeature
[2025-12-09 14:01:07] [INFO] Bắt đầu fit TFIDF
[2025-12-09 14:01:08] [INFO] Fit TFIDF thành công.
[2025-12-09 14:01:08] [INFO] fit() hoàn thành — bắt đầu transform()
[2025-12-09 14:01:08] [INFO] Bắt đầu transform TFIDF...
[2025-12-09 14:01:08] [INFO] Transform hoàn thành. Shape = (6241, 2899)
<<<<<<< HEAD
[2025-12-09 14:53:50] [INFO] Khởi tạo TFIDF với max_features=5000, ngram_range=(1, 2)
[2025-12-09 14:53:50] [INFO] TFIDF đã được khởi tạo thành công.
[2025-12-09 14:53:50] [INFO] Gọi fit_transform trong DataFeature
[2025-12-09 14:53:50] [INFO] Bắt đầu fit TFIDF
[2025-12-09 14:53:50] [INFO] Fit TFIDF thành công.
[2025-12-09 14:53:50] [INFO] fit() hoàn thành — bắt đầu transform()
[2025-12-09 14:53:50] [INFO] Bắt đầu transform TFIDF...
[2025-12-09 14:53:50] [INFO] Transform hoàn thành. Shape = (6241, 2899)
=======
[2025-12-09 07:19:21] [INFO] Khởi tạo TFIDF với max_features=5000, ngram_range=(1, 2)
[2025-12-09 07:19:21] [INFO] TFIDF đã được khởi tạo thành công.
[2025-12-09 07:19:21] [INFO] Gọi fit_transform trong DataFeature
[2025-12-09 07:19:21] [INFO] Bắt đầu fit TFIDF
[2025-12-09 07:19:22] [INFO] Fit TFIDF thành công.
[2025-12-09 07:19:22] [INFO] fit() hoàn thành — bắt đầu transform()
[2025-12-09 07:19:22] [INFO] Bắt đầu transform TFIDF...
[2025-12-09 07:19:22] [INFO] Transform hoàn thành. Shape = (6241, 2899)
[2025-12-09 07:32:25] [INFO] Khởi tạo TFIDF với max_features=5000, ngram_range=(1, 2)
[2025-12-09 07:32:25] [INFO] TFIDF đã được khởi tạo thành công.
[2025-12-09 07:32:25] [INFO] Gọi fit_transform trong DataFeature
[2025-12-09 07:32:25] [INFO] Bắt đầu fit TFIDF
[2025-12-09 07:32:25] [INFO] Fit TFIDF thành công.
[2025-12-09 07:32:25] [INFO] fit() hoàn thành — bắt đầu transform()
[2025-12-09 07:32:25] [INFO] Bắt đầu transform TFIDF...
[2025-12-09 07:32:25] [INFO] Transform hoàn thành. Shape = (6241, 2899)
[2025-12-09 07:46:33] [INFO] Khởi tạo TFIDF với max_features=5000, ngram_range=(1, 2)
[2025-12-09 07:46:33] [INFO] TFIDF đã được khởi tạo thành công.
[2025-12-09 07:46:33] [INFO] Gọi fit_transform trong DataFeature
[2025-12-09 07:46:33] [INFO] Bắt đầu fit TFIDF
[2025-12-09 07:46:33] [INFO] Fit TFIDF thành công.
[2025-12-09 07:46:33] [INFO] fit() hoàn thành — bắt đầu transform()
[2025-12-09 07:46:33] [INFO] Bắt đầu transform TFIDF...
[2025-12-09 07:46:33] [INFO] Transform hoàn thành. Shape = (6241, 2899)
[2025-12-09 07:47:40] [INFO] Khởi tạo TFIDF với max_features=5000, ngram_range=(1, 2)
[2025-12-09 07:47:40] [INFO] TFIDF đã được khởi tạo thành công.
[2025-12-09 07:47:40] [INFO] Gọi fit_transform trong DataFeature
[2025-12-09 07:47:40] [INFO] Bắt đầu fit TFIDF
[2025-12-09 07:47:40] [INFO] Fit TFIDF thành công.
[2025-12-09 07:47:40] [INFO] fit() hoàn thành — bắt đầu transform()
[2025-12-09 07:47:40] [INFO] Bắt đầu transform TFIDF...
[2025-12-09 07:47:40] [INFO] Transform hoàn thành. Shape = (6241, 2899)
[2025-12-09 07:50:58] [INFO] Khởi tạo TFIDF với max_features=5000, ngram_range=(1, 2)
[2025-12-09 07:50:58] [INFO] TFIDF đã được khởi tạo thành công.
[2025-12-09 07:50:58] [INFO] Gọi fit_transform trong DataFeature
[2025-12-09 07:50:58] [INFO] Bắt đầu fit TFIDF
[2025-12-09 07:50:58] [INFO] Fit TFIDF thành công.
[2025-12-09 07:50:58] [INFO] fit() hoàn thành — bắt đầu transform()
[2025-12-09 07:50:58] [INFO] Bắt đầu transform TFIDF...
[2025-12-09 07:50:58] [INFO] Transform hoàn thành. Shape = (6241, 2899)
>>>>>>> 8a9f5eb67bb6154d603e7ea54e254af15de8692e
[2025-12-09 15:09:35] [INFO] Khởi tạo TFIDF với max_features=5000, ngram_range=(1, 2)
[2025-12-09 15:09:35] [INFO] TFIDF đã được khởi tạo thành công.
[2025-12-09 15:09:35] [INFO] Gọi fit_transform trong DataFeature
[2025-12-09 15:09:35] [INFO] Bắt đầu fit TFIDF
[2025-12-09 15:09:35] [INFO] Fit TFIDF thành công.
[2025-12-09 15:09:35] [INFO] fit() hoàn thành — bắt đầu transform()
[2025-12-09 15:09:35] [INFO] Bắt đầu transform TFIDF...
[2025-12-09 15:09:35] [INFO] Transform hoàn thành. Shape = (6241, 2899)
[2025-12-09 16:38:50] [INFO] Khởi tạo TFIDF với max_features=5000, ngram_range=(1, 2)
[2025-12-09 16:38:50] [INFO] TFIDF đã được khởi tạo thành công.
[2025-12-09 16:38:50] [INFO] Gọi fit_transform trong DataFeature
[2025-12-09 16:38:50] [INFO] Bắt đầu fit TFIDF
[2025-12-09 16:38:50] [INFO] Fit TFIDF thành công.
[2025-12-09 16:38:50] [INFO] fit() hoàn thành — bắt đầu transform()
[2025-12-09 16:38:50] [INFO] Bắt đầu transform TFIDF...
[2025-12-09 16:38:50] [INFO] Transform hoàn thành. Shape = (6241, 2899)
[2025-12-09 16:43:55] [INFO] Khởi tạo TFIDF với max_features=5000, ngram_range=(1, 2)
[2025-12-09 16:43:55] [INFO] TFIDF đã được khởi tạo thành công.
[2025-12-09 16:43:55] [INFO] Gọi fit_transform trong DataFeature
[2025-12-09 16:43:55] [INFO] Bắt đầu fit TFIDF
[2025-12-09 16:43:55] [INFO] Fit TFIDF thành công.
[2025-12-09 16:43:55] [INFO] fit() hoàn thành — bắt đầu transform()
[2025-12-09 16:43:55] [INFO] Bắt đầu transform TFIDF...
[2025-12-09 16:43:55] [INFO] Transform hoàn thành. Shape = (6241, 2899)
[2025-12-09 22:37:24] [INFO] Khởi tạo TFIDF với max_features=5000, ngram_range=(1, 2)
[2025-12-09 22:37:24] [INFO] TFIDF đã được khởi tạo thành công.
[2025-12-09 22:37:24] [INFO] Gọi fit_transform trong DataFeature
[2025-12-09 22:37:24] [INFO] Bắt đầu fit TFIDF
[2025-12-09 22:37:24] [INFO] Fit TFIDF thành công.
[2025-12-09 22:37:24] [INFO] fit() hoàn thành — bắt đầu transform()
[2025-12-09 22:37:24] [INFO] Bắt đầu transform TFIDF...
[2025-12-09 22:37:24] [INFO] Transform hoàn thành. Shape = (6241, 2899)
[2025-12-09 22:38:23] [INFO] Khởi tạo TFIDF với max_features=5000, ngram_range=(1, 2)
[2025-12-09 22:38:23] [INFO] TFIDF đã được khởi tạo thành công.
[2025-12-09 22:38:23] [INFO] Gọi fit_transform trong DataFeature
[2025-12-09 22:38:23] [INFO] Bắt đầu fit TFIDF
[2025-12-09 22:38:23] [INFO] Fit TFIDF thành công.
[2025-12-09 22:38:23] [INFO] fit() hoàn thành — bắt đầu transform()
[2025-12-09 22:38:23] [INFO] Bắt đầu transform TFIDF...
[2025-12-09 22:38:24] [INFO] Transform hoàn thành. Shape = (6241, 2899)
